error: Tag file `xmsinterp.tag' does not exist or is not a file. Skipping it...
error: Tag file `xmscore.tag' does not exist or is not a file. Skipping it...
E:/code/git/xmsmesh/xmsmesh/meshing/detail/MePolyRedistributePtsCurvature.cpp:54: warning: Compound xms::ParamCurv is not documented.
E:/code/git/xmsmesh/xmsmesh/meshing/detail/MePolyRedistributePtsCurvature.t.h:30: warning: Compound MePolyRedistributePtsCurvatureUnitTests is not documented.
E:/code/git/xmsmesh/xmsmesh/meshing/detail/MePolyRedistributePtsCurvature.cpp:78: warning: Compound xms::MePolyRedistributePtsCurvatureImpl is not documented.
E:/code/git/xmsmesh/xmsmesh/meshing/detail/MePolyRedistributePtsCurvature.cpp:71: warning: Member VecParamCurv (typedef) of namespace xms is not documented.
E:/code/git/xmsmesh/xmsmesh/meshing/detail/MePolyRedistributePtsCurvature.cpp:660: warning: Member iConvertVecParamCurv(const VecParamCurv &a_, VecDbl &a_param, VecDbl &a_curve) (function) of file MePolyRedistributePtsCurvature.cpp is not documented.
E:/code/git/xmsmesh/xmsmesh/meshing/detail/MePolyRedistributePtsCurvature.cpp:50: warning: Member NoneStart (variable) of namespace xms is not documented.
E:/code/git/xmsmesh/Doxygen/Meshing_Tutorial.md:114: warning: block marked with [snip_test_Example_Redist] for \snippet should appear twice in file xmsmesh/tutorial/TutMeshing.cpp, found it 0 times

E:/code/git/xmsmesh/xmsmesh/tutorial/TutMeshing.t.h:57: warning: Member group() (function) of class TutRedistributionIntermediateTests is not documented.
E:/code/git/xmsmesh/xmsmesh/meshing/detail/MePolyRedistributePtsCurvature.cpp:107: warning: Member m_points (variable) of class xms::MePolyRedistributePtsCurvatureImpl is not documented.
E:/code/git/xmsmesh/xmsmesh/meshing/detail/MePolyRedistributePtsCurvature.cpp:108: warning: Member m_segmentLengths (variable) of class xms::MePolyRedistributePtsCurvatureImpl is not documented.
E:/code/git/xmsmesh/xmsmesh/meshing/detail/MePolyRedistributePtsCurvature.cpp:109: warning: Member m_accumulatedSegmentLengths (variable) of class xms::MePolyRedistributePtsCurvatureImpl is not documented.
E:/code/git/xmsmesh/xmsmesh/meshing/detail/MePolyRedistributePtsCurvature.cpp:110: warning: Member m_length (variable) of class xms::MePolyRedistributePtsCurvatureImpl is not documented.
E:/code/git/xmsmesh/xmsmesh/meshing/detail/MePolyRedistributePtsCurvature.cpp:111: warning: Member m_open (variable) of class xms::MePolyRedistributePtsCurvatureImpl is not documented.
E:/code/git/xmsmesh/xmsmesh/meshing/detail/MePolyRedistributePtsCurvature.cpp:112: warning: Member m_tol (variable) of class xms::MePolyRedistributePtsCurvatureImpl is not documented.
E:/code/git/xmsmesh/xmsmesh/meshing/detail/MePolyRedistributePtsCurvature.cpp:286: warning: expected whitespace after [ command
E:/code/git/xmsmesh/xmsmesh/meshing/detail/MePolyRedistributePtsCurvature.cpp:96: warning: The following parameters of xms::MePolyRedistributePtsCurvatureImpl::GetCurvatureFromParamater(double a_param, double a_interval, size_t &a_start) are not documented:
  parameter 'a_start'
E:/code/git/xmsmesh/xmsmesh/meshing/detail/MePolyRedistributePtsCurvature.cpp:96: warning: return type of member xms::MePolyRedistributePtsCurvatureImpl::GetCurvatureFromParamater is not documented
E:/code/git/xmsmesh/xmsmesh/meshing/detail/MePolyRedistributePtsCurvature.cpp:314: warning: argument 'a_result' of command @param is not found in the argument list of xms::MePolyRedistributePtsCurvatureImpl::GetPointFromParameter(double a_param, size_t &a_start)
E:/code/git/xmsmesh/xmsmesh/meshing/detail/MePolyRedistributePtsCurvature.cpp:316: warning: expected whitespace after [ command
E:/code/git/xmsmesh/xmsmesh/meshing/detail/MePolyRedistributePtsCurvature.cpp:97: warning: The following parameters of xms::MePolyRedistributePtsCurvatureImpl::GetPointFromParameter(double a_param, size_t &a_start) are not documented:
  parameter 'a_start'
E:/code/git/xmsmesh/xmsmesh/meshing/detail/MePolyRedistributePtsCurvature.cpp:97: warning: return type of member xms::MePolyRedistributePtsCurvatureImpl::GetPointFromParameter is not documented
E:/code/git/xmsmesh/xmsmesh/meshing/detail/MePolyRedistributePtsCurvature.cpp:104: warning: return type of member xms::MePolyRedistributePtsCurvatureImpl::NewPointsFromParamCurvs is not documented
E:/code/git/xmsmesh/xmsmesh/meshing/detail/MePolyRedistributePtsCurvature.cpp:158: warning: Found unknown command `\TODO'
E:/code/git/xmsmesh/xmsmesh/meshing/detail/MePolyRedistributePtsCurvature.cpp:55: warning: Member ParamCurv(double a_param=-1.0, double a_curvature=-1.0) (function) of class xms::ParamCurv is not documented.
E:/code/git/xmsmesh/xmsmesh/meshing/detail/MePolyRedistributePtsCurvature.cpp:61: warning: Member operator==(const ParamCurv &a_other) const (function) of class xms::ParamCurv is not documented.
